[17-Oct-2018 10:48:06 Asia/Manila] PHP Fatal error:  Uncaught PDOException: SQLSTATE[42S22]: Column not found: 1054 Unknown column 'tracks.document_status' in 'field list' in C:\Users\sly\Desktop\UwAmp310\www\itrack\db.php:42
Stack trace:
#0 C:\Users\sly\Desktop\UwAmp310\www\itrack\db.php(42): PDO->query('SELECT document...')
#1 C:\Users\sly\Desktop\UwAmp310\www\itrack\handlers\documents\transactions.php(16): pdo_db->getData('SELECT document...')
#2 C:\Users\sly\Desktop\UwAmp310\www\itrack\handlers\documents.php(9): transactions()
#3 {main}
  thrown in C:\Users\sly\Desktop\UwAmp310\www\itrack\db.php on line 42
[17-Oct-2018 10:57:33 Asia/Manila] PHP Fatal error:  Uncaught PDOException: SQLSTATE[42S22]: Column not found: 1054 Unknown column 'tracks.document_status' in 'field list' in C:\Users\sly\Desktop\UwAmp310\www\itrack\db.php:42
Stack trace:
#0 C:\Users\sly\Desktop\UwAmp310\www\itrack\db.php(42): PDO->query('SELECT document...')
#1 C:\Users\sly\Desktop\UwAmp310\www\itrack\handlers\documents\transactions.php(16): pdo_db->getData('SELECT document...')
#2 C:\Users\sly\Desktop\UwAmp310\www\itrack\handlers\documents.php(9): transactions()
#3 {main}
  thrown in C:\Users\sly\Desktop\UwAmp310\www\itrack\db.php on line 42
[17-Oct-2018 10:57:39 Asia/Manila] PHP Fatal error:  Uncaught PDOException: SQLSTATE[42S22]: Column not found: 1054 Unknown column 'tracks.document_status' in 'field list' in C:\Users\sly\Desktop\UwAmp310\www\itrack\db.php:42
Stack trace:
#0 C:\Users\sly\Desktop\UwAmp310\www\itrack\db.php(42): PDO->query('SELECT document...')
#1 C:\Users\sly\Desktop\UwAmp310\www\itrack\handlers\documents\transactions.php(16): pdo_db->getData('SELECT document...')
#2 C:\Users\sly\Desktop\UwAmp310\www\itrack\handlers\documents.php(9): transactions()
#3 {main}
  thrown in C:\Users\sly\Desktop\UwAmp310\www\itrack\db.php on line 42
[17-Oct-2018 10:57:41 Asia/Manila] PHP Fatal error:  Uncaught PDOException: SQLSTATE[42S22]: Column not found: 1054 Unknown column 'tracks.document_status' in 'field list' in C:\Users\sly\Desktop\UwAmp310\www\itrack\db.php:42
Stack trace:
#0 C:\Users\sly\Desktop\UwAmp310\www\itrack\db.php(42): PDO->query('SELECT document...')
#1 C:\Users\sly\Desktop\UwAmp310\www\itrack\handlers\documents\transactions.php(16): pdo_db->getData('SELECT document...')
#2 C:\Users\sly\Desktop\UwAmp310\www\itrack\handlers\documents.php(9): transactions()
#3 {main}
  thrown in C:\Users\sly\Desktop\UwAmp310\www\itrack\db.php on line 42
[17-Oct-2018 10:58:08 Asia/Manila] PHP Fatal error:  Uncaught PDOException: SQLSTATE[42S22]: Column not found: 1054 Unknown column 'tracks.document_status' in 'field list' in C:\Users\sly\Desktop\UwAmp310\www\itrack\db.php:42
Stack trace:
#0 C:\Users\sly\Desktop\UwAmp310\www\itrack\db.php(42): PDO->query('SELECT document...')
#1 C:\Users\sly\Desktop\UwAmp310\www\itrack\handlers\documents\transactions.php(16): pdo_db->getData('SELECT document...')
#2 C:\Users\sly\Desktop\UwAmp310\www\itrack\handlers\documents.php(9): transactions()
#3 {main}
  thrown in C:\Users\sly\Desktop\UwAmp310\www\itrack\db.php on line 42
[17-Oct-2018 11:02:20 Asia/Manila] PHP Fatal error:  Uncaught PDOException: SQLSTATE[42S22]: Column not found: 1054 Unknown column 'tracks.document_status' in 'field list' in C:\Users\sly\Desktop\UwAmp310\www\itrack\db.php:42
Stack trace:
#0 C:\Users\sly\Desktop\UwAmp310\www\itrack\db.php(42): PDO->query('SELECT document...')
#1 C:\Users\sly\Desktop\UwAmp310\www\itrack\handlers\documents\transactions.php(16): pdo_db->getData('SELECT document...')
#2 C:\Users\sly\Desktop\UwAmp310\www\itrack\handlers\documents.php(9): transactions()
#3 {main}
  thrown in C:\Users\sly\Desktop\UwAmp310\www\itrack\db.php on line 42
